Replace Part C12 Cap in C:\Users\Kevin\OneDrive\Documents\UBCO\2017 Work\Altium\T-Type Converter\Main.SchDoc with Cap from T-Type Converter.SchLib
Replace Part C13 Cap in C:\Users\Kevin\OneDrive\Documents\UBCO\2017 Work\Altium\T-Type Converter\Main.SchDoc with Cap from T-Type Converter.SchLib
Replace Part C14 Cap Pol1 in C:\Users\Kevin\OneDrive\Documents\UBCO\2017 Work\Altium\T-Type Converter\Main.SchDoc with Cap Pol1 from T-Type Converter.SchLib
Replace Part C15 Cap Pol1 in C:\Users\Kevin\OneDrive\Documents\UBCO\2017 Work\Altium\T-Type Converter\Main.SchDoc with Cap Pol1 from T-Type Converter.SchLib
Replace Part L5 Inductor in C:\Users\Kevin\OneDrive\Documents\UBCO\2017 Work\Altium\T-Type Converter\Main.SchDoc with Inductor from Miscellaneous Devices.IntLib
Replace Part L6 Inductor in C:\Users\Kevin\OneDrive\Documents\UBCO\2017 Work\Altium\T-Type Converter\Main.SchDoc with Inductor from Miscellaneous Devices.IntLib
Replace Part P1 Terminal Block 2 in C:\Users\Kevin\OneDrive\Documents\UBCO\2017 Work\Altium\T-Type Converter\Main.SchDoc with Terminal Block 2 from T-Type Converter.SchLib
Replace Part P2 Terminal Block 2 in C:\Users\Kevin\OneDrive\Documents\UBCO\2017 Work\Altium\T-Type Converter\Main.SchDoc with Terminal Block 2 from T-Type Converter.SchLib
Replace Part P3 Terminal Block 2 in C:\Users\Kevin\OneDrive\Documents\UBCO\2017 Work\Altium\T-Type Converter\Main.SchDoc with Terminal Block 2 from T-Type Converter.SchLib
Replace Part P4 Terminal Block 2 in C:\Users\Kevin\OneDrive\Documents\UBCO\2017 Work\Altium\T-Type Converter\Main.SchDoc with Terminal Block 2 from T-Type Converter.SchLib
Replace Part P5 Terminal Block 2 in C:\Users\Kevin\OneDrive\Documents\UBCO\2017 Work\Altium\T-Type Converter\Main.SchDoc with Terminal Block 2 from T-Type Converter.SchLib
Replace Part P6 Terminal Block 2 in C:\Users\Kevin\OneDrive\Documents\UBCO\2017 Work\Altium\T-Type Converter\Main.SchDoc with Terminal Block 2 from T-Type Converter.SchLib
Replace Part P7 Terminal Block 2 in C:\Users\Kevin\OneDrive\Documents\UBCO\2017 Work\Altium\T-Type Converter\Main.SchDoc with Terminal Block 2 from T-Type Converter.SchLib
Replace Part P8 Terminal Block 2 in C:\Users\Kevin\OneDrive\Documents\UBCO\2017 Work\Altium\T-Type Converter\Main.SchDoc with Terminal Block 2 from T-Type Converter.SchLib
Replace Part P9 Terminal Block 2 in C:\Users\Kevin\OneDrive\Documents\UBCO\2017 Work\Altium\T-Type Converter\Main.SchDoc with Terminal Block 2 from T-Type Converter.SchLib
Replace Part P10 Terminal Block 2 in C:\Users\Kevin\OneDrive\Documents\UBCO\2017 Work\Altium\T-Type Converter\Main.SchDoc with Terminal Block 2 from T-Type Converter.SchLib
Replace Part P11 Terminal Block 2 in C:\Users\Kevin\OneDrive\Documents\UBCO\2017 Work\Altium\T-Type Converter\Main.SchDoc with Terminal Block 2 from T-Type Converter.SchLib
Replace Part P12 Terminal Block 2 in C:\Users\Kevin\OneDrive\Documents\UBCO\2017 Work\Altium\T-Type Converter\Main.SchDoc with Terminal Block 2 from T-Type Converter.SchLib
Replace Part P13 Terminal Block 2 in C:\Users\Kevin\OneDrive\Documents\UBCO\2017 Work\Altium\T-Type Converter\Main.SchDoc with Terminal Block 2 from T-Type Converter.SchLib
Replace Part P14 Terminal Block 2 in C:\Users\Kevin\OneDrive\Documents\UBCO\2017 Work\Altium\T-Type Converter\Main.SchDoc with Terminal Block 2 from T-Type Converter.SchLib
Replace Part P15 Terminal Block 2 in C:\Users\Kevin\OneDrive\Documents\UBCO\2017 Work\Altium\T-Type Converter\Main.SchDoc with Terminal Block 2 from T-Type Converter.SchLib
Replace Part P16 Terminal Block 2 in C:\Users\Kevin\OneDrive\Documents\UBCO\2017 Work\Altium\T-Type Converter\Main.SchDoc with Terminal Block 2 from T-Type Converter.SchLib
Replace Part P17 Terminal Block 2 in C:\Users\Kevin\OneDrive\Documents\UBCO\2017 Work\Altium\T-Type Converter\Main.SchDoc with Terminal Block 2 from T-Type Converter.SchLib
Replace Part U1 TDR 3-4812 in C:\Users\Kevin\OneDrive\Documents\UBCO\2017 Work\Altium\T-Type Converter\Main.SchDoc with TDR 3-4812 from T-Type Converter.SchLib
Replace Part U2 TDR 3-4811 in C:\Users\Kevin\OneDrive\Documents\UBCO\2017 Work\Altium\T-Type Converter\Main.SchDoc with TDR 3-4811 from T-Type Converter.SchLib
