Replace Part * WA-T264-101E in C:\Users\Kevin\OneDrive\Documents\UBCO\2017 Work\Altium\T-Type Converter\Switches.SchDoc with WA-T264-101E from T-Type Converter.SchLib
Replace Part * WA-T264-101E in C:\Users\Kevin\OneDrive\Documents\UBCO\2017 Work\Altium\T-Type Converter\Switches.SchDoc with WA-T264-101E from T-Type Converter.SchLib
Replace Part * WA-T264-101E in C:\Users\Kevin\OneDrive\Documents\UBCO\2017 Work\Altium\T-Type Converter\Switches.SchDoc with WA-T264-101E from T-Type Converter.SchLib
Replace Part * WA-T264-101E in C:\Users\Kevin\OneDrive\Documents\UBCO\2017 Work\Altium\T-Type Converter\Switches.SchDoc with WA-T264-101E from T-Type Converter.SchLib
Replace Part C2 Cap in C:\Users\Kevin\OneDrive\Documents\UBCO\2017 Work\Altium\T-Type Converter\Switches.SchDoc with Cap from T-Type Converter.SchLib
Replace Part C4 Cap in C:\Users\Kevin\OneDrive\Documents\UBCO\2017 Work\Altium\T-Type Converter\Switches.SchDoc with Cap from T-Type Converter.SchLib
Replace Part C6 Cap in C:\Users\Kevin\OneDrive\Documents\UBCO\2017 Work\Altium\T-Type Converter\Switches.SchDoc with Cap from T-Type Converter.SchLib
Replace Part C8 Cap in C:\Users\Kevin\OneDrive\Documents\UBCO\2017 Work\Altium\T-Type Converter\Switches.SchDoc with Cap from T-Type Converter.SchLib
Replace Part C9 Cap in C:\Users\Kevin\OneDrive\Documents\UBCO\2017 Work\Altium\T-Type Converter\Switches.SchDoc with Cap from T-Type Converter.SchLib
Replace Part C10 Cap in C:\Users\Kevin\OneDrive\Documents\UBCO\2017 Work\Altium\T-Type Converter\Switches.SchDoc with Cap from T-Type Converter.SchLib
Replace Part C11 Cap in C:\Users\Kevin\OneDrive\Documents\UBCO\2017 Work\Altium\T-Type Converter\Switches.SchDoc with Cap from T-Type Converter.SchLib
Replace Part C12 Cap in C:\Users\Kevin\OneDrive\Documents\UBCO\2017 Work\Altium\T-Type Converter\Switches.SchDoc with Cap from T-Type Converter.SchLib
Replace Part C13 Cap in C:\Users\Kevin\OneDrive\Documents\UBCO\2017 Work\Altium\T-Type Converter\Switches.SchDoc with Cap from T-Type Converter.SchLib
Replace Part C14 Cap in C:\Users\Kevin\OneDrive\Documents\UBCO\2017 Work\Altium\T-Type Converter\Switches.SchDoc with Cap from T-Type Converter.SchLib
Replace Part C15 Cap in C:\Users\Kevin\OneDrive\Documents\UBCO\2017 Work\Altium\T-Type Converter\Switches.SchDoc with Cap from T-Type Converter.SchLib
Replace Part D1 1N4148 in C:\Users\Kevin\OneDrive\Documents\UBCO\2017 Work\Altium\T-Type Converter\Switches.SchDoc with 1N4148 from T-Type Converter.SchLib
Replace Part D2 1N4148 in C:\Users\Kevin\OneDrive\Documents\UBCO\2017 Work\Altium\T-Type Converter\Switches.SchDoc with 1N4148 from T-Type Converter.SchLib
Replace Part D3 1N4148 in C:\Users\Kevin\OneDrive\Documents\UBCO\2017 Work\Altium\T-Type Converter\Switches.SchDoc with 1N4148 from T-Type Converter.SchLib
Replace Part D4 1N4148 in C:\Users\Kevin\OneDrive\Documents\UBCO\2017 Work\Altium\T-Type Converter\Switches.SchDoc with 1N4148 from T-Type Converter.SchLib
Replace Part L1 Inductor in C:\Users\Kevin\OneDrive\Documents\UBCO\2017 Work\Altium\T-Type Converter\Switches.SchDoc with Inductor from Miscellaneous Devices.IntLib
Replace Part L2 Inductor in C:\Users\Kevin\OneDrive\Documents\UBCO\2017 Work\Altium\T-Type Converter\Switches.SchDoc with Inductor from Miscellaneous Devices.IntLib
Replace Part L3 Inductor in C:\Users\Kevin\OneDrive\Documents\UBCO\2017 Work\Altium\T-Type Converter\Switches.SchDoc with Inductor from Miscellaneous Devices.IntLib
Replace Part L4 Inductor in C:\Users\Kevin\OneDrive\Documents\UBCO\2017 Work\Altium\T-Type Converter\Switches.SchDoc with Inductor from Miscellaneous Devices.IntLib
Replace Part Q1 IXFK 34N80 in C:\Users\Kevin\OneDrive\Documents\UBCO\2017 Work\Altium\T-Type Converter\Switches.SchDoc with IXFK 34N80 from T-Type Converter.SchLib
Replace Part Q2 IXFK 34N80 in C:\Users\Kevin\OneDrive\Documents\UBCO\2017 Work\Altium\T-Type Converter\Switches.SchDoc with IXFK 34N80 from T-Type Converter.SchLib
Replace Part Q3 IXFK 34N80 in C:\Users\Kevin\OneDrive\Documents\UBCO\2017 Work\Altium\T-Type Converter\Switches.SchDoc with IXFK 34N80 from T-Type Converter.SchLib
Replace Part Q4 IXFK 34N80 in C:\Users\Kevin\OneDrive\Documents\UBCO\2017 Work\Altium\T-Type Converter\Switches.SchDoc with IXFK 34N80 from T-Type Converter.SchLib
Replace Part R1 RES_SMD1 in C:\Users\Kevin\OneDrive\Documents\UBCO\2017 Work\Altium\T-Type Converter\Switches.SchDoc with RES_SMD1 from T-Type Converter.SchLib
Replace Part R2 RES_SMD1 in C:\Users\Kevin\OneDrive\Documents\UBCO\2017 Work\Altium\T-Type Converter\Switches.SchDoc with RES_SMD1 from T-Type Converter.SchLib
Replace Part R3 RES_SMD1 in C:\Users\Kevin\OneDrive\Documents\UBCO\2017 Work\Altium\T-Type Converter\Switches.SchDoc with RES_SMD1 from T-Type Converter.SchLib
Replace Part R4 RES_SMD1 in C:\Users\Kevin\OneDrive\Documents\UBCO\2017 Work\Altium\T-Type Converter\Switches.SchDoc with RES_SMD1 from T-Type Converter.SchLib
Replace Part R5 Res Adj2 in C:\Users\Kevin\OneDrive\Documents\UBCO\2017 Work\Altium\T-Type Converter\Switches.SchDoc with Res Adj2 from T-Type Converter.SchLib
Replace Part R6 Res Adj2 in C:\Users\Kevin\OneDrive\Documents\UBCO\2017 Work\Altium\T-Type Converter\Switches.SchDoc with Res Adj2 from T-Type Converter.SchLib
Replace Part R7 Res Adj2 in C:\Users\Kevin\OneDrive\Documents\UBCO\2017 Work\Altium\T-Type Converter\Switches.SchDoc with Res Adj2 from T-Type Converter.SchLib
Replace Part R8 Res Adj2 in C:\Users\Kevin\OneDrive\Documents\UBCO\2017 Work\Altium\T-Type Converter\Switches.SchDoc with Res Adj2 from T-Type Converter.SchLib
Replace Part U1 IR21094 in C:\Users\Kevin\OneDrive\Documents\UBCO\2017 Work\Altium\T-Type Converter\Switches.SchDoc with IR21094 from T-Type Converter.SchLib
Replace Part U2 IR21094 in C:\Users\Kevin\OneDrive\Documents\UBCO\2017 Work\Altium\T-Type Converter\Switches.SchDoc with IR21094 from T-Type Converter.SchLib
Replace Part U3 IR21094 in C:\Users\Kevin\OneDrive\Documents\UBCO\2017 Work\Altium\T-Type Converter\Switches.SchDoc with IR21094 from T-Type Converter.SchLib
Replace Part U4 IR21094 in C:\Users\Kevin\OneDrive\Documents\UBCO\2017 Work\Altium\T-Type Converter\Switches.SchDoc with IR21094 from T-Type Converter.SchLib
Replace Part U5 TDR 3-4812 in C:\Users\Kevin\OneDrive\Documents\UBCO\2017 Work\Altium\T-Type Converter\Switches.SchDoc with TDR 3-4812 from T-Type Converter.SchLib
Replace Part U6 TDR 3-4812 in C:\Users\Kevin\OneDrive\Documents\UBCO\2017 Work\Altium\T-Type Converter\Switches.SchDoc with TDR 3-4812 from T-Type Converter.SchLib
Replace Part U7 TDR 3-4812 in C:\Users\Kevin\OneDrive\Documents\UBCO\2017 Work\Altium\T-Type Converter\Switches.SchDoc with TDR 3-4812 from T-Type Converter.SchLib
Replace Part U8 TDR 3-4812 in C:\Users\Kevin\OneDrive\Documents\UBCO\2017 Work\Altium\T-Type Converter\Switches.SchDoc with TDR 3-4812 from T-Type Converter.SchLib
