Added Component: Designator=C25_U_Switches1(B32674D3126K000)
Add component. Clean all parameters for all variants
Add component (AddParameter): Name = "LatestRevisionDate"; Value = "17-Jul-2002"; VariantName = "[No Variations]"
Add component (AddParameter): Name = "LatestRevisionNote"; Value = "Re-released for DXP Platform."; VariantName = "[No Variations]"
Add component (AddParameter): Name = "PackageDescription"; Value = "Polarized Capacitor (Radial); 2 Leads"; VariantName = "[No Variations]"
Add component (AddParameter): Name = "PackageReference"; Value = "RB7.6-15"; VariantName = "[No Variations]"
Add component (AddParameter): Name = "Published"; Value = "8-Jun-2000"; VariantName = "[No Variations]"
Add component (AddParameter): Name = "Publisher"; Value = "Altium Limited"; VariantName = "[No Variations]"
Add component (AddParameter): Name = "Value"; Value = "3.3mf"; VariantName = "[No Variations]"
Added Component: Designator=C25_U_Switches2(B32674D3126K000)
Add component. Clean all parameters for all variants
Add component (AddParameter): Name = "LatestRevisionDate"; Value = "17-Jul-2002"; VariantName = "[No Variations]"
Add component (AddParameter): Name = "LatestRevisionNote"; Value = "Re-released for DXP Platform."; VariantName = "[No Variations]"
Add component (AddParameter): Name = "PackageDescription"; Value = "Polarized Capacitor (Radial); 2 Leads"; VariantName = "[No Variations]"
Add component (AddParameter): Name = "PackageReference"; Value = "RB7.6-15"; VariantName = "[No Variations]"
Add component (AddParameter): Name = "Published"; Value = "8-Jun-2000"; VariantName = "[No Variations]"
Add component (AddParameter): Name = "Publisher"; Value = "Altium Limited"; VariantName = "[No Variations]"
Add component (AddParameter): Name = "Value"; Value = "3.3mf"; VariantName = "[No Variations]"
Added Component: Designator=C25_U_Switches3(B32674D3126K000)
Add component. Clean all parameters for all variants
Add component (AddParameter): Name = "LatestRevisionDate"; Value = "17-Jul-2002"; VariantName = "[No Variations]"
Add component (AddParameter): Name = "LatestRevisionNote"; Value = "Re-released for DXP Platform."; VariantName = "[No Variations]"
Add component (AddParameter): Name = "PackageDescription"; Value = "Polarized Capacitor (Radial); 2 Leads"; VariantName = "[No Variations]"
Add component (AddParameter): Name = "PackageReference"; Value = "RB7.6-15"; VariantName = "[No Variations]"
Add component (AddParameter): Name = "Published"; Value = "8-Jun-2000"; VariantName = "[No Variations]"
Add component (AddParameter): Name = "Publisher"; Value = "Altium Limited"; VariantName = "[No Variations]"
Add component (AddParameter): Name = "Value"; Value = "3.3mf"; VariantName = "[No Variations]"
Added Component: Designator=C26_U_Switches1(B32674D3126K000)
Add component. Clean all parameters for all variants
Add component (AddParameter): Name = "LatestRevisionDate"; Value = "17-Jul-2002"; VariantName = "[No Variations]"
Add component (AddParameter): Name = "LatestRevisionNote"; Value = "Re-released for DXP Platform."; VariantName = "[No Variations]"
Add component (AddParameter): Name = "PackageDescription"; Value = "Polarized Capacitor (Radial); 2 Leads"; VariantName = "[No Variations]"
Add component (AddParameter): Name = "PackageReference"; Value = "RB7.6-15"; VariantName = "[No Variations]"
Add component (AddParameter): Name = "Published"; Value = "8-Jun-2000"; VariantName = "[No Variations]"
Add component (AddParameter): Name = "Publisher"; Value = "Altium Limited"; VariantName = "[No Variations]"
Add component (AddParameter): Name = "Value"; Value = "3.3mf"; VariantName = "[No Variations]"
Added Component: Designator=C26_U_Switches2(B32674D3126K000)
Add component. Clean all parameters for all variants
Add component (AddParameter): Name = "LatestRevisionDate"; Value = "17-Jul-2002"; VariantName = "[No Variations]"
Add component (AddParameter): Name = "LatestRevisionNote"; Value = "Re-released for DXP Platform."; VariantName = "[No Variations]"
Add component (AddParameter): Name = "PackageDescription"; Value = "Polarized Capacitor (Radial); 2 Leads"; VariantName = "[No Variations]"
Add component (AddParameter): Name = "PackageReference"; Value = "RB7.6-15"; VariantName = "[No Variations]"
Add component (AddParameter): Name = "Published"; Value = "8-Jun-2000"; VariantName = "[No Variations]"
Add component (AddParameter): Name = "Publisher"; Value = "Altium Limited"; VariantName = "[No Variations]"
Add component (AddParameter): Name = "Value"; Value = "3.3mf"; VariantName = "[No Variations]"
Added Component: Designator=C26_U_Switches3(B32674D3126K000)
Add component. Clean all parameters for all variants
Add component (AddParameter): Name = "LatestRevisionDate"; Value = "17-Jul-2002"; VariantName = "[No Variations]"
Add component (AddParameter): Name = "LatestRevisionNote"; Value = "Re-released for DXP Platform."; VariantName = "[No Variations]"
Add component (AddParameter): Name = "PackageDescription"; Value = "Polarized Capacitor (Radial); 2 Leads"; VariantName = "[No Variations]"
Add component (AddParameter): Name = "PackageReference"; Value = "RB7.6-15"; VariantName = "[No Variations]"
Add component (AddParameter): Name = "Published"; Value = "8-Jun-2000"; VariantName = "[No Variations]"
Add component (AddParameter): Name = "Publisher"; Value = "Altium Limited"; VariantName = "[No Variations]"
Add component (AddParameter): Name = "Value"; Value = "3.3mf"; VariantName = "[No Variations]"
Added Pin To Net: NetName=GND Pin=C25_U_Switches1-1
Added Pin To Net: NetName=NetC14_U_Switches1_1 Pin=C25_U_Switches1-2
Added Pin To Net: NetName=GND Pin=C25_U_Switches2-1
Added Pin To Net: NetName=NetC14_U_Switches2_1 Pin=C25_U_Switches2-2
Added Pin To Net: NetName=GND Pin=C25_U_Switches3-1
Added Pin To Net: NetName=NetC14_U_Switches3_1 Pin=C25_U_Switches3-2
Added Pin To Net: NetName=NetC26_U_Switches1_1 Pin=C26_U_Switches1-1
Added Pin To Net: NetName=GND Pin=C26_U_Switches1-2
Added Pin To Net: NetName=NetC26_U_Switches2_1 Pin=C26_U_Switches2-1
Added Pin To Net: NetName=GND Pin=C26_U_Switches2-2
Added Pin To Net: NetName=NetC26_U_Switches3_1 Pin=C26_U_Switches3-1
Added Pin To Net: NetName=GND Pin=C26_U_Switches3-2
Added Member To Class: ClassName=U_Switches1 Member=Component *_U_Switches1 (*) WA-T264-101E
Added Member To Class: ClassName=U_Switches1 Member=Component *_U_Switches1 (*) WA-T264-101E
Added Member To Class: ClassName=U_Switches1 Member=Component *_U_Switches1 (*) WA-T264-101E
Added Member To Class: ClassName=U_Switches2 Member=Component *_U_Switches2 (*) WA-T264-101E
Added Member To Class: ClassName=U_Switches2 Member=Component *_U_Switches2 (*) WA-T264-101E
Added Member To Class: ClassName=U_Switches2 Member=Component *_U_Switches2 (*) WA-T264-101E
Added Member To Class: ClassName=U_Switches3 Member=Component *_U_Switches3 (*) WA-T264-101E
Added Member To Class: ClassName=U_Switches3 Member=Component *_U_Switches3 (*) WA-T264-101E
Added Member To Class: ClassName=U_Switches3 Member=Component *_U_Switches3 (*) WA-T264-101E
Added Member To Class: ClassName=U_Switches1 Member=Component C25_U_Switches1 (C25) Cap Pol1
Added Member To Class: ClassName=U_Switches2 Member=Component C25_U_Switches2 (C25) Cap Pol1
Added Member To Class: ClassName=U_Switches3 Member=Component C25_U_Switches3 (C25) Cap Pol1
Added Member To Class: ClassName=U_Switches1 Member=Component C26_U_Switches1 (C26) Cap Pol1
Added Member To Class: ClassName=U_Switches2 Member=Component C26_U_Switches2 (C26) Cap Pol1
Added Member To Class: ClassName=U_Switches3 Member=Component C26_U_Switches3 (C26) Cap Pol1
