Removed Member From Class: ClassName=U_Signals Member=U7
Removed Member From Class: ClassName=HV Member=NetP1_1
Removed Member From Class: ClassName=HV Member=NetP5_1
Removed Member From Class: ClassName=HV Member=NetP9_1
Change component parameters: Designator = "C14"; Footprint = "LGW2G331MELB40"; UniqueID = "\MEPLLLJJ"
Change component parameters. Clean all parameters for all variants
Change component parameters (AddParameter): Name = "Capacitance"; Value = "330uF"; VariantName = "[No Variations]"
Change component parameters (AddParameter): Name = "Case/Package"; Value = "Radial"; VariantName = "[No Variations]"
Change component parameters (AddParameter): Name = "ComponentLink1Description"; Value = "https://datasheet.ciiva.com/101/e-gw-101040.pdf"; VariantName = "[No Variations]"
Change component parameters (AddParameter): Name = "ComponentLink1URL"; Value = "https://datasheet.ciiva.com/101/e-gw-101040.pdf"; VariantName = "[No Variations]"
Change component parameters (AddParameter): Name = "ComponentLink2Description"; Value = "https://datasheet.ciiva.com/5376/e-gw-28778-5376397.pdf"; VariantName = "[No Variations]"
Change component parameters (AddParameter): Name = "ComponentLink2URL"; Value = "https://datasheet.ciiva.com/5376/e-gw-28778-5376397.pdf"; VariantName = "[No Variations]"
Change component parameters (AddParameter): Name = "Diameter"; Value = "30mm"; VariantName = "[No Variations]"
Change component parameters (AddParameter): Name = "Height"; Value = "40mm"; VariantName = "[No Variations]"
Change component parameters (AddParameter): Name = "Height - Seated (Max)"; Value = "1.575inch"; VariantName = "[No Variations]"
Change component parameters (AddParameter): Name = "LatestRevisionDate"; Value = "17-Jul-2002"; VariantName = "[No Variations]"
Change component parameters (AddParameter): Name = "LatestRevisionNote"; Value = "Re-released for DXP Platform."; VariantName = "[No Variations]"
Change component parameters (AddParameter): Name = "Lead Diameter"; Value = "0.8mm"; VariantName = "[No Variations]"
Change component parameters (AddParameter): Name = "Lead Pitch"; Value = "10mm"; VariantName = "[No Variations]"
Change component parameters (AddParameter): Name = "Leakage Current"; Value = "1.08mA"; VariantName = "[No Variations]"
Change component parameters (AddParameter): Name = "Length"; Value = "40mm"; VariantName = "[No Variations]"
Change component parameters (AddParameter): Name = "Life (Hours)"; Value = "3000Hour"; VariantName = "[No Variations]"
Change component parameters (AddParameter): Name = "Manufacturer"; Value = "Nichicon"; VariantName = "[No Variations]"
Change component parameters (AddParameter): Name = "Manufacturer Part Number"; Value = "LGW2G331MELB40"; VariantName = "[No Variations]"
Change component parameters (AddParameter): Name = "Max Operating Temperature"; Value = "105°C"; VariantName = "[No Variations]"
Change component parameters (AddParameter): Name = "Min Operating Temperature"; Value = "-25°C"; VariantName = "[No Variations]"
Change component parameters (AddParameter): Name = "Mount"; Value = "Through Hole"; VariantName = "[No Variations]"
Change component parameters (AddParameter): Name = "PackageDescription"; Value = "Polarized Capacitor (Radial); 2 Leads"; VariantName = "[No Variations]"
Change component parameters (AddParameter): Name = "Package Quantity"; Value = "200"; VariantName = "[No Variations]"
Change component parameters (AddParameter): Name = "PackageReference"; Value = "RB7.6-15"; VariantName = "[No Variations]"
Change component parameters (AddParameter): Name = "Packaging"; Value = "Bulk"; VariantName = "[No Variations]"
Change component parameters (AddParameter): Name = "Polarity"; Value = "Polar"; VariantName = "[No Variations]"
Change component parameters (AddParameter): Name = "Pricing 1"; Value = "1=6.67, 10=5.926, 100=4.7406, 500=4.074, 1000=3.8377 (USD)"; VariantName = "[No Variations]"
Change component parameters (AddParameter): Name = "Published"; Value = "8-Jun-2000"; VariantName = "[No Variations]"
Change component parameters (AddParameter): Name = "Publisher"; Value = "Altium Limited"; VariantName = "[No Variations]"
Change component parameters (AddParameter): Name = "Ripple Current"; Value = "2.33A"; VariantName = "[No Variations]"
Change component parameters (AddParameter): Name = "Stock 1"; Value = "0"; VariantName = "[No Variations]"
Change component parameters (AddParameter): Name = "Supplier 1"; Value = "Digi-Key"; VariantName = "[No Variations]"
Change component parameters (AddParameter): Name = "Supplier Part Number 1"; Value = "493-3229-ND"; VariantName = "[No Variations]"
Change component parameters (AddParameter): Name = "Termination"; Value = "Snap in"; VariantName = "[No Variations]"
Change component parameters (AddParameter): Name = "Tolerance"; Value = "20%"; VariantName = "[No Variations]"
Change component parameters (AddParameter): Name = "Value"; Value = "330uF"; VariantName = "[No Variations]"
Change component parameters (AddParameter): Name = "Voltage"; Value = "400V"; VariantName = "[No Variations]"
Change component parameters (AddParameter): Name = "Voltage Rating"; Value = "400V"; VariantName = "[No Variations]"
Change component parameters: Designator = "C15"; Footprint = "LGW2G331MELB40"; UniqueID = "\AEEXUMYE"
Change component parameters. Clean all parameters for all variants
Change component parameters (AddParameter): Name = "Capacitance"; Value = "330uF"; VariantName = "[No Variations]"
Change component parameters (AddParameter): Name = "Case/Package"; Value = "Radial"; VariantName = "[No Variations]"
Change component parameters (AddParameter): Name = "ComponentLink1Description"; Value = "https://datasheet.ciiva.com/101/e-gw-101040.pdf"; VariantName = "[No Variations]"
Change component parameters (AddParameter): Name = "ComponentLink1URL"; Value = "https://datasheet.ciiva.com/101/e-gw-101040.pdf"; VariantName = "[No Variations]"
Change component parameters (AddParameter): Name = "ComponentLink2Description"; Value = "https://datasheet.ciiva.com/5376/e-gw-28778-5376397.pdf"; VariantName = "[No Variations]"
Change component parameters (AddParameter): Name = "ComponentLink2URL"; Value = "https://datasheet.ciiva.com/5376/e-gw-28778-5376397.pdf"; VariantName = "[No Variations]"
Change component parameters (AddParameter): Name = "Diameter"; Value = "30mm"; VariantName = "[No Variations]"
Change component parameters (AddParameter): Name = "Height"; Value = "40mm"; VariantName = "[No Variations]"
Change component parameters (AddParameter): Name = "Height - Seated (Max)"; Value = "1.575inch"; VariantName = "[No Variations]"
Change component parameters (AddParameter): Name = "LatestRevisionDate"; Value = "17-Jul-2002"; VariantName = "[No Variations]"
Change component parameters (AddParameter): Name = "LatestRevisionNote"; Value = "Re-released for DXP Platform."; VariantName = "[No Variations]"
Change component parameters (AddParameter): Name = "Lead Diameter"; Value = "0.8mm"; VariantName = "[No Variations]"
Change component parameters (AddParameter): Name = "Lead Pitch"; Value = "10mm"; VariantName = "[No Variations]"
Change component parameters (AddParameter): Name = "Leakage Current"; Value = "1.08mA"; VariantName = "[No Variations]"
Change component parameters (AddParameter): Name = "Length"; Value = "40mm"; VariantName = "[No Variations]"
Change component parameters (AddParameter): Name = "Life (Hours)"; Value = "3000Hour"; VariantName = "[No Variations]"
Change component parameters (AddParameter): Name = "Manufacturer"; Value = "Nichicon"; VariantName = "[No Variations]"
Change component parameters (AddParameter): Name = "Manufacturer Part Number"; Value = "LGW2G331MELB40"; VariantName = "[No Variations]"
Change component parameters (AddParameter): Name = "Max Operating Temperature"; Value = "105°C"; VariantName = "[No Variations]"
Change component parameters (AddParameter): Name = "Min Operating Temperature"; Value = "-25°C"; VariantName = "[No Variations]"
Change component parameters (AddParameter): Name = "Mount"; Value = "Through Hole"; VariantName = "[No Variations]"
Change component parameters (AddParameter): Name = "PackageDescription"; Value = "Polarized Capacitor (Radial); 2 Leads"; VariantName = "[No Variations]"
Change component parameters (AddParameter): Name = "Package Quantity"; Value = "200"; VariantName = "[No Variations]"
Change component parameters (AddParameter): Name = "PackageReference"; Value = "RB7.6-15"; VariantName = "[No Variations]"
Change component parameters (AddParameter): Name = "Packaging"; Value = "Bulk"; VariantName = "[No Variations]"
Change component parameters (AddParameter): Name = "Polarity"; Value = "Polar"; VariantName = "[No Variations]"
Change component parameters (AddParameter): Name = "Pricing 1"; Value = "1=6.67, 10=5.926, 100=4.7406, 500=4.074, 1000=3.8377 (USD)"; VariantName = "[No Variations]"
Change component parameters (AddParameter): Name = "Published"; Value = "8-Jun-2000"; VariantName = "[No Variations]"
Change component parameters (AddParameter): Name = "Publisher"; Value = "Altium Limited"; VariantName = "[No Variations]"
Change component parameters (AddParameter): Name = "Ripple Current"; Value = "2.33A"; VariantName = "[No Variations]"
Change component parameters (AddParameter): Name = "Stock 1"; Value = "0"; VariantName = "[No Variations]"
Change component parameters (AddParameter): Name = "Supplier 1"; Value = "Digi-Key"; VariantName = "[No Variations]"
Change component parameters (AddParameter): Name = "Supplier Part Number 1"; Value = "493-3229-ND"; VariantName = "[No Variations]"
Change component parameters (AddParameter): Name = "Termination"; Value = "Snap in"; VariantName = "[No Variations]"
Change component parameters (AddParameter): Name = "Tolerance"; Value = "20%"; VariantName = "[No Variations]"
Change component parameters (AddParameter): Name = "Value"; Value = "330uF"; VariantName = "[No Variations]"
Change component parameters (AddParameter): Name = "Voltage"; Value = "400V"; VariantName = "[No Variations]"
Change component parameters (AddParameter): Name = "Voltage Rating"; Value = "400V"; VariantName = "[No Variations]"
Change component parameters: Designator = "C16"; Footprint = "LGW2G331MELB40"; UniqueID = "\MFQMEOFE"
Change component parameters. Clean all parameters for all variants
Change component parameters (AddParameter): Name = "Capacitance"; Value = "330uF"; VariantName = "[No Variations]"
Change component parameters (AddParameter): Name = "Case/Package"; Value = "Radial"; VariantName = "[No Variations]"
Change component parameters (AddParameter): Name = "ComponentLink1Description"; Value = "https://datasheet.ciiva.com/101/e-gw-101040.pdf"; VariantName = "[No Variations]"
Change component parameters (AddParameter): Name = "ComponentLink1URL"; Value = "https://datasheet.ciiva.com/101/e-gw-101040.pdf"; VariantName = "[No Variations]"
Change component parameters (AddParameter): Name = "ComponentLink2Description"; Value = "https://datasheet.ciiva.com/5376/e-gw-28778-5376397.pdf"; VariantName = "[No Variations]"
Change component parameters (AddParameter): Name = "ComponentLink2URL"; Value = "https://datasheet.ciiva.com/5376/e-gw-28778-5376397.pdf"; VariantName = "[No Variations]"
Change component parameters (AddParameter): Name = "Diameter"; Value = "30mm"; VariantName = "[No Variations]"
Change component parameters (AddParameter): Name = "Height"; Value = "40mm"; VariantName = "[No Variations]"
Change component parameters (AddParameter): Name = "Height - Seated (Max)"; Value = "1.575inch"; VariantName = "[No Variations]"
Change component parameters (AddParameter): Name = "LatestRevisionDate"; Value = "17-Jul-2002"; VariantName = "[No Variations]"
Change component parameters (AddParameter): Name = "LatestRevisionNote"; Value = "Re-released for DXP Platform."; VariantName = "[No Variations]"
Change component parameters (AddParameter): Name = "Lead Diameter"; Value = "0.8mm"; VariantName = "[No Variations]"
Change component parameters (AddParameter): Name = "Lead Pitch"; Value = "10mm"; VariantName = "[No Variations]"
Change component parameters (AddParameter): Name = "Leakage Current"; Value = "1.08mA"; VariantName = "[No Variations]"
Change component parameters (AddParameter): Name = "Length"; Value = "40mm"; VariantName = "[No Variations]"
Change component parameters (AddParameter): Name = "Life (Hours)"; Value = "3000Hour"; VariantName = "[No Variations]"
Change component parameters (AddParameter): Name = "Manufacturer"; Value = "Nichicon"; VariantName = "[No Variations]"
Change component parameters (AddParameter): Name = "Manufacturer Part Number"; Value = "LGW2G331MELB40"; VariantName = "[No Variations]"
Change component parameters (AddParameter): Name = "Max Operating Temperature"; Value = "105°C"; VariantName = "[No Variations]"
Change component parameters (AddParameter): Name = "Min Operating Temperature"; Value = "-25°C"; VariantName = "[No Variations]"
Change component parameters (AddParameter): Name = "Mount"; Value = "Through Hole"; VariantName = "[No Variations]"
Change component parameters (AddParameter): Name = "PackageDescription"; Value = "Polarized Capacitor (Radial); 2 Leads"; VariantName = "[No Variations]"
Change component parameters (AddParameter): Name = "Package Quantity"; Value = "200"; VariantName = "[No Variations]"
Change component parameters (AddParameter): Name = "PackageReference"; Value = "RB7.6-15"; VariantName = "[No Variations]"
Change component parameters (AddParameter): Name = "Packaging"; Value = "Bulk"; VariantName = "[No Variations]"
Change component parameters (AddParameter): Name = "Polarity"; Value = "Polar"; VariantName = "[No Variations]"
Change component parameters (AddParameter): Name = "Pricing 1"; Value = "1=6.67, 10=5.926, 100=4.7406, 500=4.074, 1000=3.8377 (USD)"; VariantName = "[No Variations]"
Change component parameters (AddParameter): Name = "Published"; Value = "8-Jun-2000"; VariantName = "[No Variations]"
Change component parameters (AddParameter): Name = "Publisher"; Value = "Altium Limited"; VariantName = "[No Variations]"
Change component parameters (AddParameter): Name = "Ripple Current"; Value = "2.33A"; VariantName = "[No Variations]"
Change component parameters (AddParameter): Name = "Stock 1"; Value = "0"; VariantName = "[No Variations]"
Change component parameters (AddParameter): Name = "Supplier 1"; Value = "Digi-Key"; VariantName = "[No Variations]"
Change component parameters (AddParameter): Name = "Supplier Part Number 1"; Value = "493-3229-ND"; VariantName = "[No Variations]"
Change component parameters (AddParameter): Name = "Termination"; Value = "Snap in"; VariantName = "[No Variations]"
Change component parameters (AddParameter): Name = "Tolerance"; Value = "20%"; VariantName = "[No Variations]"
Change component parameters (AddParameter): Name = "Value"; Value = "330uF"; VariantName = "[No Variations]"
Change component parameters (AddParameter): Name = "Voltage"; Value = "400V"; VariantName = "[No Variations]"
Change component parameters (AddParameter): Name = "Voltage Rating"; Value = "400V"; VariantName = "[No Variations]"
Change component parameters: Designator = "C17"; Footprint = "LGW2G331MELB40"; UniqueID = "\IEDMAKHH"
Change component parameters. Clean all parameters for all variants
Change component parameters (AddParameter): Name = "Capacitance"; Value = "330uF"; VariantName = "[No Variations]"
Change component parameters (AddParameter): Name = "Case/Package"; Value = "Radial"; VariantName = "[No Variations]"
Change component parameters (AddParameter): Name = "ComponentLink1Description"; Value = "https://datasheet.ciiva.com/101/e-gw-101040.pdf"; VariantName = "[No Variations]"
Change component parameters (AddParameter): Name = "ComponentLink1URL"; Value = "https://datasheet.ciiva.com/101/e-gw-101040.pdf"; VariantName = "[No Variations]"
Change component parameters (AddParameter): Name = "ComponentLink2Description"; Value = "https://datasheet.ciiva.com/5376/e-gw-28778-5376397.pdf"; VariantName = "[No Variations]"
Change component parameters (AddParameter): Name = "ComponentLink2URL"; Value = "https://datasheet.ciiva.com/5376/e-gw-28778-5376397.pdf"; VariantName = "[No Variations]"
Change component parameters (AddParameter): Name = "Diameter"; Value = "30mm"; VariantName = "[No Variations]"
Change component parameters (AddParameter): Name = "Height"; Value = "40mm"; VariantName = "[No Variations]"
Change component parameters (AddParameter): Name = "Height - Seated (Max)"; Value = "1.575inch"; VariantName = "[No Variations]"
Change component parameters (AddParameter): Name = "LatestRevisionDate"; Value = "17-Jul-2002"; VariantName = "[No Variations]"
Change component parameters (AddParameter): Name = "LatestRevisionNote"; Value = "Re-released for DXP Platform."; VariantName = "[No Variations]"
Change component parameters (AddParameter): Name = "Lead Diameter"; Value = "0.8mm"; VariantName = "[No Variations]"
Change component parameters (AddParameter): Name = "Lead Pitch"; Value = "10mm"; VariantName = "[No Variations]"
Change component parameters (AddParameter): Name = "Leakage Current"; Value = "1.08mA"; VariantName = "[No Variations]"
Change component parameters (AddParameter): Name = "Length"; Value = "40mm"; VariantName = "[No Variations]"
Change component parameters (AddParameter): Name = "Life (Hours)"; Value = "3000Hour"; VariantName = "[No Variations]"
Change component parameters (AddParameter): Name = "Manufacturer"; Value = "Nichicon"; VariantName = "[No Variations]"
Change component parameters (AddParameter): Name = "Manufacturer Part Number"; Value = "LGW2G331MELB40"; VariantName = "[No Variations]"
Change component parameters (AddParameter): Name = "Max Operating Temperature"; Value = "105°C"; VariantName = "[No Variations]"
Change component parameters (AddParameter): Name = "Min Operating Temperature"; Value = "-25°C"; VariantName = "[No Variations]"
Change component parameters (AddParameter): Name = "Mount"; Value = "Through Hole"; VariantName = "[No Variations]"
Change component parameters (AddParameter): Name = "PackageDescription"; Value = "Polarized Capacitor (Radial); 2 Leads"; VariantName = "[No Variations]"
Change component parameters (AddParameter): Name = "Package Quantity"; Value = "200"; VariantName = "[No Variations]"
Change component parameters (AddParameter): Name = "PackageReference"; Value = "RB7.6-15"; VariantName = "[No Variations]"
Change component parameters (AddParameter): Name = "Packaging"; Value = "Bulk"; VariantName = "[No Variations]"
Change component parameters (AddParameter): Name = "Polarity"; Value = "Polar"; VariantName = "[No Variations]"
Change component parameters (AddParameter): Name = "Pricing 1"; Value = "1=6.67, 10=5.926, 100=4.7406, 500=4.074, 1000=3.8377 (USD)"; VariantName = "[No Variations]"
Change component parameters (AddParameter): Name = "Published"; Value = "8-Jun-2000"; VariantName = "[No Variations]"
Change component parameters (AddParameter): Name = "Publisher"; Value = "Altium Limited"; VariantName = "[No Variations]"
Change component parameters (AddParameter): Name = "Ripple Current"; Value = "2.33A"; VariantName = "[No Variations]"
Change component parameters (AddParameter): Name = "Stock 1"; Value = "0"; VariantName = "[No Variations]"
Change component parameters (AddParameter): Name = "Supplier 1"; Value = "Digi-Key"; VariantName = "[No Variations]"
Change component parameters (AddParameter): Name = "Supplier Part Number 1"; Value = "493-3229-ND"; VariantName = "[No Variations]"
Change component parameters (AddParameter): Name = "Termination"; Value = "Snap in"; VariantName = "[No Variations]"
Change component parameters (AddParameter): Name = "Tolerance"; Value = "20%"; VariantName = "[No Variations]"
Change component parameters (AddParameter): Name = "Value"; Value = "330uF"; VariantName = "[No Variations]"
Change component parameters (AddParameter): Name = "Voltage"; Value = "400V"; VariantName = "[No Variations]"
Change component parameters (AddParameter): Name = "Voltage Rating"; Value = "400V"; VariantName = "[No Variations]"
Change component parameters: Designator = "C18"; Footprint = "LGW2G331MELB40"; UniqueID = "\DILYTGWE"
Change component parameters. Clean all parameters for all variants
Change component parameters (AddParameter): Name = "Capacitance"; Value = "330uF"; VariantName = "[No Variations]"
Change component parameters (AddParameter): Name = "Case/Package"; Value = "Radial"; VariantName = "[No Variations]"
Change component parameters (AddParameter): Name = "ComponentLink1Description"; Value = "https://datasheet.ciiva.com/101/e-gw-101040.pdf"; VariantName = "[No Variations]"
Change component parameters (AddParameter): Name = "ComponentLink1URL"; Value = "https://datasheet.ciiva.com/101/e-gw-101040.pdf"; VariantName = "[No Variations]"
Change component parameters (AddParameter): Name = "ComponentLink2Description"; Value = "https://datasheet.ciiva.com/5376/e-gw-28778-5376397.pdf"; VariantName = "[No Variations]"
Change component parameters (AddParameter): Name = "ComponentLink2URL"; Value = "https://datasheet.ciiva.com/5376/e-gw-28778-5376397.pdf"; VariantName = "[No Variations]"
Change component parameters (AddParameter): Name = "Diameter"; Value = "30mm"; VariantName = "[No Variations]"
Change component parameters (AddParameter): Name = "Height"; Value = "40mm"; VariantName = "[No Variations]"
Change component parameters (AddParameter): Name = "Height - Seated (Max)"; Value = "1.575inch"; VariantName = "[No Variations]"
Change component parameters (AddParameter): Name = "LatestRevisionDate"; Value = "17-Jul-2002"; VariantName = "[No Variations]"
Change component parameters (AddParameter): Name = "LatestRevisionNote"; Value = "Re-released for DXP Platform."; VariantName = "[No Variations]"
Change component parameters (AddParameter): Name = "Lead Diameter"; Value = "0.8mm"; VariantName = "[No Variations]"
Change component parameters (AddParameter): Name = "Lead Pitch"; Value = "10mm"; VariantName = "[No Variations]"
Change component parameters (AddParameter): Name = "Leakage Current"; Value = "1.08mA"; VariantName = "[No Variations]"
Change component parameters (AddParameter): Name = "Length"; Value = "40mm"; VariantName = "[No Variations]"
Change component parameters (AddParameter): Name = "Life (Hours)"; Value = "3000Hour"; VariantName = "[No Variations]"
Change component parameters (AddParameter): Name = "Manufacturer"; Value = "Nichicon"; VariantName = "[No Variations]"
Change component parameters (AddParameter): Name = "Manufacturer Part Number"; Value = "LGW2G331MELB40"; VariantName = "[No Variations]"
Change component parameters (AddParameter): Name = "Max Operating Temperature"; Value = "105°C"; VariantName = "[No Variations]"
Change component parameters (AddParameter): Name = "Min Operating Temperature"; Value = "-25°C"; VariantName = "[No Variations]"
Change component parameters (AddParameter): Name = "Mount"; Value = "Through Hole"; VariantName = "[No Variations]"
Change component parameters (AddParameter): Name = "PackageDescription"; Value = "Polarized Capacitor (Radial); 2 Leads"; VariantName = "[No Variations]"
Change component parameters (AddParameter): Name = "Package Quantity"; Value = "200"; VariantName = "[No Variations]"
Change component parameters (AddParameter): Name = "PackageReference"; Value = "RB7.6-15"; VariantName = "[No Variations]"
Change component parameters (AddParameter): Name = "Packaging"; Value = "Bulk"; VariantName = "[No Variations]"
Change component parameters (AddParameter): Name = "Polarity"; Value = "Polar"; VariantName = "[No Variations]"
Change component parameters (AddParameter): Name = "Pricing 1"; Value = "1=6.67, 10=5.926, 100=4.7406, 500=4.074, 1000=3.8377 (USD)"; VariantName = "[No Variations]"
Change component parameters (AddParameter): Name = "Published"; Value = "8-Jun-2000"; VariantName = "[No Variations]"
Change component parameters (AddParameter): Name = "Publisher"; Value = "Altium Limited"; VariantName = "[No Variations]"
Change component parameters (AddParameter): Name = "Ripple Current"; Value = "2.33A"; VariantName = "[No Variations]"
Change component parameters (AddParameter): Name = "Stock 1"; Value = "0"; VariantName = "[No Variations]"
Change component parameters (AddParameter): Name = "Supplier 1"; Value = "Digi-Key"; VariantName = "[No Variations]"
Change component parameters (AddParameter): Name = "Supplier Part Number 1"; Value = "493-3229-ND"; VariantName = "[No Variations]"
Change component parameters (AddParameter): Name = "Termination"; Value = "Snap in"; VariantName = "[No Variations]"
Change component parameters (AddParameter): Name = "Tolerance"; Value = "20%"; VariantName = "[No Variations]"
Change component parameters (AddParameter): Name = "Value"; Value = "330uF"; VariantName = "[No Variations]"
Change component parameters (AddParameter): Name = "Voltage"; Value = "400V"; VariantName = "[No Variations]"
Change component parameters (AddParameter): Name = "Voltage Rating"; Value = "400V"; VariantName = "[No Variations]"
Change component parameters: Designator = "C19"; Footprint = "LGW2G331MELB40"; UniqueID = "\MEMFSOEA"
Change component parameters. Clean all parameters for all variants
Change component parameters (AddParameter): Name = "Capacitance"; Value = "330uF"; VariantName = "[No Variations]"
Change component parameters (AddParameter): Name = "Case/Package"; Value = "Radial"; VariantName = "[No Variations]"
Change component parameters (AddParameter): Name = "ComponentLink1Description"; Value = "https://datasheet.ciiva.com/101/e-gw-101040.pdf"; VariantName = "[No Variations]"
Change component parameters (AddParameter): Name = "ComponentLink1URL"; Value = "https://datasheet.ciiva.com/101/e-gw-101040.pdf"; VariantName = "[No Variations]"
Change component parameters (AddParameter): Name = "ComponentLink2Description"; Value = "https://datasheet.ciiva.com/5376/e-gw-28778-5376397.pdf"; VariantName = "[No Variations]"
Change component parameters (AddParameter): Name = "ComponentLink2URL"; Value = "https://datasheet.ciiva.com/5376/e-gw-28778-5376397.pdf"; VariantName = "[No Variations]"
Change component parameters (AddParameter): Name = "Diameter"; Value = "30mm"; VariantName = "[No Variations]"
Change component parameters (AddParameter): Name = "Height"; Value = "40mm"; VariantName = "[No Variations]"
Change component parameters (AddParameter): Name = "Height - Seated (Max)"; Value = "1.575inch"; VariantName = "[No Variations]"
Change component parameters (AddParameter): Name = "LatestRevisionDate"; Value = "17-Jul-2002"; VariantName = "[No Variations]"
Change component parameters (AddParameter): Name = "LatestRevisionNote"; Value = "Re-released for DXP Platform."; VariantName = "[No Variations]"
Change component parameters (AddParameter): Name = "Lead Diameter"; Value = "0.8mm"; VariantName = "[No Variations]"
Change component parameters (AddParameter): Name = "Lead Pitch"; Value = "10mm"; VariantName = "[No Variations]"
Change component parameters (AddParameter): Name = "Leakage Current"; Value = "1.08mA"; VariantName = "[No Variations]"
Change component parameters (AddParameter): Name = "Length"; Value = "40mm"; VariantName = "[No Variations]"
Change component parameters (AddParameter): Name = "Life (Hours)"; Value = "3000Hour"; VariantName = "[No Variations]"
Change component parameters (AddParameter): Name = "Manufacturer"; Value = "Nichicon"; VariantName = "[No Variations]"
Change component parameters (AddParameter): Name = "Manufacturer Part Number"; Value = "LGW2G331MELB40"; VariantName = "[No Variations]"
Change component parameters (AddParameter): Name = "Max Operating Temperature"; Value = "105°C"; VariantName = "[No Variations]"
Change component parameters (AddParameter): Name = "Min Operating Temperature"; Value = "-25°C"; VariantName = "[No Variations]"
Change component parameters (AddParameter): Name = "Mount"; Value = "Through Hole"; VariantName = "[No Variations]"
Change component parameters (AddParameter): Name = "PackageDescription"; Value = "Polarized Capacitor (Radial); 2 Leads"; VariantName = "[No Variations]"
Change component parameters (AddParameter): Name = "Package Quantity"; Value = "200"; VariantName = "[No Variations]"
Change component parameters (AddParameter): Name = "PackageReference"; Value = "RB7.6-15"; VariantName = "[No Variations]"
Change component parameters (AddParameter): Name = "Packaging"; Value = "Bulk"; VariantName = "[No Variations]"
Change component parameters (AddParameter): Name = "Polarity"; Value = "Polar"; VariantName = "[No Variations]"
Change component parameters (AddParameter): Name = "Pricing 1"; Value = "1=6.67, 10=5.926, 100=4.7406, 500=4.074, 1000=3.8377 (USD)"; VariantName = "[No Variations]"
Change component parameters (AddParameter): Name = "Published"; Value = "8-Jun-2000"; VariantName = "[No Variations]"
Change component parameters (AddParameter): Name = "Publisher"; Value = "Altium Limited"; VariantName = "[No Variations]"
Change component parameters (AddParameter): Name = "Ripple Current"; Value = "2.33A"; VariantName = "[No Variations]"
Change component parameters (AddParameter): Name = "Stock 1"; Value = "0"; VariantName = "[No Variations]"
Change component parameters (AddParameter): Name = "Supplier 1"; Value = "Digi-Key"; VariantName = "[No Variations]"
Change component parameters (AddParameter): Name = "Supplier Part Number 1"; Value = "493-3229-ND"; VariantName = "[No Variations]"
Change component parameters (AddParameter): Name = "Termination"; Value = "Snap in"; VariantName = "[No Variations]"
Change component parameters (AddParameter): Name = "Tolerance"; Value = "20%"; VariantName = "[No Variations]"
Change component parameters (AddParameter): Name = "Value"; Value = "330uF"; VariantName = "[No Variations]"
Change component parameters (AddParameter): Name = "Voltage"; Value = "400V"; VariantName = "[No Variations]"
Change component parameters (AddParameter): Name = "Voltage Rating"; Value = "400V"; VariantName = "[No Variations]"
Change component parameters: Designator = "C20"; Footprint = "LGW2G331MELB40"; UniqueID = "\MNBANCKT"
Change component parameters. Clean all parameters for all variants
Change component parameters (AddParameter): Name = "Capacitance"; Value = "330uF"; VariantName = "[No Variations]"
Change component parameters (AddParameter): Name = "Case/Package"; Value = "Radial"; VariantName = "[No Variations]"
Change component parameters (AddParameter): Name = "ComponentLink1Description"; Value = "https://datasheet.ciiva.com/101/e-gw-101040.pdf"; VariantName = "[No Variations]"
Change component parameters (AddParameter): Name = "ComponentLink1URL"; Value = "https://datasheet.ciiva.com/101/e-gw-101040.pdf"; VariantName = "[No Variations]"
Change component parameters (AddParameter): Name = "ComponentLink2Description"; Value = "https://datasheet.ciiva.com/5376/e-gw-28778-5376397.pdf"; VariantName = "[No Variations]"
Change component parameters (AddParameter): Name = "ComponentLink2URL"; Value = "https://datasheet.ciiva.com/5376/e-gw-28778-5376397.pdf"; VariantName = "[No Variations]"
Change component parameters (AddParameter): Name = "Diameter"; Value = "30mm"; VariantName = "[No Variations]"
Change component parameters (AddParameter): Name = "Height"; Value = "40mm"; VariantName = "[No Variations]"
Change component parameters (AddParameter): Name = "Height - Seated (Max)"; Value = "1.575inch"; VariantName = "[No Variations]"
Change component parameters (AddParameter): Name = "LatestRevisionDate"; Value = "17-Jul-2002"; VariantName = "[No Variations]"
Change component parameters (AddParameter): Name = "LatestRevisionNote"; Value = "Re-released for DXP Platform."; VariantName = "[No Variations]"
Change component parameters (AddParameter): Name = "Lead Diameter"; Value = "0.8mm"; VariantName = "[No Variations]"
Change component parameters (AddParameter): Name = "Lead Pitch"; Value = "10mm"; VariantName = "[No Variations]"
Change component parameters (AddParameter): Name = "Leakage Current"; Value = "1.08mA"; VariantName = "[No Variations]"
Change component parameters (AddParameter): Name = "Length"; Value = "40mm"; VariantName = "[No Variations]"
Change component parameters (AddParameter): Name = "Life (Hours)"; Value = "3000Hour"; VariantName = "[No Variations]"
Change component parameters (AddParameter): Name = "Manufacturer"; Value = "Nichicon"; VariantName = "[No Variations]"
Change component parameters (AddParameter): Name = "Manufacturer Part Number"; Value = "LGW2G331MELB40"; VariantName = "[No Variations]"
Change component parameters (AddParameter): Name = "Max Operating Temperature"; Value = "105°C"; VariantName = "[No Variations]"
Change component parameters (AddParameter): Name = "Min Operating Temperature"; Value = "-25°C"; VariantName = "[No Variations]"
Change component parameters (AddParameter): Name = "Mount"; Value = "Through Hole"; VariantName = "[No Variations]"
Change component parameters (AddParameter): Name = "PackageDescription"; Value = "Polarized Capacitor (Radial); 2 Leads"; VariantName = "[No Variations]"
Change component parameters (AddParameter): Name = "Package Quantity"; Value = "200"; VariantName = "[No Variations]"
Change component parameters (AddParameter): Name = "PackageReference"; Value = "RB7.6-15"; VariantName = "[No Variations]"
Change component parameters (AddParameter): Name = "Packaging"; Value = "Bulk"; VariantName = "[No Variations]"
Change component parameters (AddParameter): Name = "Polarity"; Value = "Polar"; VariantName = "[No Variations]"
Change component parameters (AddParameter): Name = "Pricing 1"; Value = "1=6.67, 10=5.926, 100=4.7406, 500=4.074, 1000=3.8377 (USD)"; VariantName = "[No Variations]"
Change component parameters (AddParameter): Name = "Published"; Value = "8-Jun-2000"; VariantName = "[No Variations]"
Change component parameters (AddParameter): Name = "Publisher"; Value = "Altium Limited"; VariantName = "[No Variations]"
Change component parameters (AddParameter): Name = "Ripple Current"; Value = "2.33A"; VariantName = "[No Variations]"
Change component parameters (AddParameter): Name = "Stock 1"; Value = "0"; VariantName = "[No Variations]"
Change component parameters (AddParameter): Name = "Supplier 1"; Value = "Digi-Key"; VariantName = "[No Variations]"
Change component parameters (AddParameter): Name = "Supplier Part Number 1"; Value = "493-3229-ND"; VariantName = "[No Variations]"
Change component parameters (AddParameter): Name = "Termination"; Value = "Snap in"; VariantName = "[No Variations]"
Change component parameters (AddParameter): Name = "Tolerance"; Value = "20%"; VariantName = "[No Variations]"
Change component parameters (AddParameter): Name = "Value"; Value = "330uF"; VariantName = "[No Variations]"
Change component parameters (AddParameter): Name = "Voltage"; Value = "400V"; VariantName = "[No Variations]"
Change component parameters (AddParameter): Name = "Voltage Rating"; Value = "400V"; VariantName = "[No Variations]"
Change component parameters: Designator = "C21"; Footprint = "LGW2G331MELB40"; UniqueID = "\VFKPKBKB"
Change component parameters. Clean all parameters for all variants
Change component parameters (AddParameter): Name = "Capacitance"; Value = "330uF"; VariantName = "[No Variations]"
Change component parameters (AddParameter): Name = "Case/Package"; Value = "Radial"; VariantName = "[No Variations]"
Change component parameters (AddParameter): Name = "ComponentLink1Description"; Value = "https://datasheet.ciiva.com/101/e-gw-101040.pdf"; VariantName = "[No Variations]"
Change component parameters (AddParameter): Name = "ComponentLink1URL"; Value = "https://datasheet.ciiva.com/101/e-gw-101040.pdf"; VariantName = "[No Variations]"
Change component parameters (AddParameter): Name = "ComponentLink2Description"; Value = "https://datasheet.ciiva.com/5376/e-gw-28778-5376397.pdf"; VariantName = "[No Variations]"
Change component parameters (AddParameter): Name = "ComponentLink2URL"; Value = "https://datasheet.ciiva.com/5376/e-gw-28778-5376397.pdf"; VariantName = "[No Variations]"
Change component parameters (AddParameter): Name = "Diameter"; Value = "30mm"; VariantName = "[No Variations]"
Change component parameters (AddParameter): Name = "Height"; Value = "40mm"; VariantName = "[No Variations]"
Change component parameters (AddParameter): Name = "Height - Seated (Max)"; Value = "1.575inch"; VariantName = "[No Variations]"
Change component parameters (AddParameter): Name = "LatestRevisionDate"; Value = "17-Jul-2002"; VariantName = "[No Variations]"
Change component parameters (AddParameter): Name = "LatestRevisionNote"; Value = "Re-released for DXP Platform."; VariantName = "[No Variations]"
Change component parameters (AddParameter): Name = "Lead Diameter"; Value = "0.8mm"; VariantName = "[No Variations]"
Change component parameters (AddParameter): Name = "Lead Pitch"; Value = "10mm"; VariantName = "[No Variations]"
Change component parameters (AddParameter): Name = "Leakage Current"; Value = "1.08mA"; VariantName = "[No Variations]"
Change component parameters (AddParameter): Name = "Length"; Value = "40mm"; VariantName = "[No Variations]"
Change component parameters (AddParameter): Name = "Life (Hours)"; Value = "3000Hour"; VariantName = "[No Variations]"
Change component parameters (AddParameter): Name = "Manufacturer"; Value = "Nichicon"; VariantName = "[No Variations]"
Change component parameters (AddParameter): Name = "Manufacturer Part Number"; Value = "LGW2G331MELB40"; VariantName = "[No Variations]"
Change component parameters (AddParameter): Name = "Max Operating Temperature"; Value = "105°C"; VariantName = "[No Variations]"
Change component parameters (AddParameter): Name = "Min Operating Temperature"; Value = "-25°C"; VariantName = "[No Variations]"
Change component parameters (AddParameter): Name = "Mount"; Value = "Through Hole"; VariantName = "[No Variations]"
Change component parameters (AddParameter): Name = "PackageDescription"; Value = "Polarized Capacitor (Radial); 2 Leads"; VariantName = "[No Variations]"
Change component parameters (AddParameter): Name = "Package Quantity"; Value = "200"; VariantName = "[No Variations]"
Change component parameters (AddParameter): Name = "PackageReference"; Value = "RB7.6-15"; VariantName = "[No Variations]"
Change component parameters (AddParameter): Name = "Packaging"; Value = "Bulk"; VariantName = "[No Variations]"
Change component parameters (AddParameter): Name = "Polarity"; Value = "Polar"; VariantName = "[No Variations]"
Change component parameters (AddParameter): Name = "Pricing 1"; Value = "1=6.67, 10=5.926, 100=4.7406, 500=4.074, 1000=3.8377 (USD)"; VariantName = "[No Variations]"
Change component parameters (AddParameter): Name = "Published"; Value = "8-Jun-2000"; VariantName = "[No Variations]"
Change component parameters (AddParameter): Name = "Publisher"; Value = "Altium Limited"; VariantName = "[No Variations]"
Change component parameters (AddParameter): Name = "Ripple Current"; Value = "2.33A"; VariantName = "[No Variations]"
Change component parameters (AddParameter): Name = "Stock 1"; Value = "0"; VariantName = "[No Variations]"
Change component parameters (AddParameter): Name = "Supplier 1"; Value = "Digi-Key"; VariantName = "[No Variations]"
Change component parameters (AddParameter): Name = "Supplier Part Number 1"; Value = "493-3229-ND"; VariantName = "[No Variations]"
Change component parameters (AddParameter): Name = "Termination"; Value = "Snap in"; VariantName = "[No Variations]"
Change component parameters (AddParameter): Name = "Tolerance"; Value = "20%"; VariantName = "[No Variations]"
Change component parameters (AddParameter): Name = "Value"; Value = "330uF"; VariantName = "[No Variations]"
Change component parameters (AddParameter): Name = "Voltage"; Value = "400V"; VariantName = "[No Variations]"
Change component parameters (AddParameter): Name = "Voltage Rating"; Value = "400V"; VariantName = "[No Variations]"
Change Net Name : Old Net Name=NetP1_1 New Net Name=NetC26_U_Switches3_1
Change Net Name : Old Net Name=NetP5_1 New Net Name=NetC26_U_Switches2_1
Change Net Name : Old Net Name=NetP9_1 New Net Name=NetC26_U_Switches1_1
Added Member To Class: ClassName=U_Switches1 Member=Component *_U_Switches1 (*) WA-T264-101E
Added Member To Class: ClassName=U_Switches1 Member=Component *_U_Switches1 (*) WA-T264-101E
Added Member To Class: ClassName=U_Switches1 Member=Component *_U_Switches1 (*) WA-T264-101E
Added Member To Class: ClassName=U_Switches2 Member=Component *_U_Switches2 (*) WA-T264-101E
Added Member To Class: ClassName=U_Switches2 Member=Component *_U_Switches2 (*) WA-T264-101E
Added Member To Class: ClassName=U_Switches2 Member=Component *_U_Switches2 (*) WA-T264-101E
Added Member To Class: ClassName=U_Switches3 Member=Component *_U_Switches3 (*) WA-T264-101E
Added Member To Class: ClassName=U_Switches3 Member=Component *_U_Switches3 (*) WA-T264-101E
Added Member To Class: ClassName=U_Switches3 Member=Component *_U_Switches3 (*) WA-T264-101E
Added Member To Class: ClassName=U_Signals Member=Component U3 74AC11008
Added Member To Class: ClassName=HV Member=Wire NetC26_U_Switches1_1
Added Member To Class: ClassName=HV Member=Wire NetC26_U_Switches2_1
Added Member To Class: ClassName=HV Member=Wire NetC26_U_Switches3_1
