Removed Pin From Net: NetName=12V Pin=C2-2
Removed Pin From Net: NetName=12V Pin=C4-2
Removed Pin From Net: NetName=12V Pin=C6-2
Removed Pin From Net: NetName=12V Pin=C8-2
Removed Pin From Net: NetName=GND Pin=U1-7
Removed Pin From Net: NetName=12V Pin=U1_U_Switches3-1
Removed Pin From Net: NetName=GND Pin=U2-7
Removed Pin From Net: NetName=12V Pin=U2_U_Switches3-1
Removed Pin From Net: NetName=12V Pin=U3_U_Switches3-1
Removed Pin From Net: NetName=12V Pin=U4_U_Switches3-1
Removed Pin From Net: NetName=NetC14_U_Switches1_1 Pin=U5-7
Removed Pin From Net: NetName=NetC14_U_Switches2_1 Pin=U5-7
Removed Pin From Net: NetName=NetC14_U_Switches3_1 Pin=U5-7
Removed Pin From Net: NetName=NetC13_U_Switches1_1 Pin=U6-7
Removed Pin From Net: NetName=NetC13_U_Switches2_1 Pin=U6-7
Removed Pin From Net: NetName=NetC13_U_Switches3_1 Pin=U6-7
Removed Pin From Net: NetName=NetC13_U_Switches1_1 Pin=U7-7
Removed Pin From Net: NetName=NetC13_U_Switches2_1 Pin=U7-7
Removed Pin From Net: NetName=NetC13_U_Switches3_1 Pin=U7-7
Removed Pin From Net: NetName=GND Pin=U8-7
Removed Pin From Net: NetName=GND Pin=U8-7
Removed Pin From Net: NetName=GND Pin=U8-7
Added Pin To Net: NetName=GND Pin=U1-6
Added Pin To Net: NetName=GND Pin=U1-9
Added Pin To Net: NetName=GND Pin=U2-9
Added Pin To Net: NetName=NetC14_U_Switches1_1 Pin=U5-9
Added Pin To Net: NetName=NetC14_U_Switches2_1 Pin=U5-9
Added Pin To Net: NetName=NetC14_U_Switches3_1 Pin=U5-9
Added Pin To Net: NetName=NetC13_U_Switches1_1 Pin=U6-9
Added Pin To Net: NetName=NetC13_U_Switches2_1 Pin=U6-9
Added Pin To Net: NetName=NetC13_U_Switches3_1 Pin=U6-9
Added Pin To Net: NetName=NetC13_U_Switches1_1 Pin=U7-9
Added Pin To Net: NetName=NetC13_U_Switches2_1 Pin=U7-9
Added Pin To Net: NetName=NetC13_U_Switches3_1 Pin=U7-9
Added Pin To Net: NetName=GND Pin=U8-9
Added Pin To Net: NetName=GND Pin=U8-9
Added Pin To Net: NetName=GND Pin=U8-9
Change Net Name : Old Net Name=12V New Net Name=12V_U_Switches1
Added Pin To Net: NetName=12V_U_Switches3 Pin=C2-2
Added Pin To Net: NetName=12V_U_Switches3 Pin=C4-2
Added Pin To Net: NetName=12V_U_Switches3 Pin=C6-2
Added Pin To Net: NetName=12V_U_Switches3 Pin=C8-2
Added Pin To Net: NetName=12V_U_Switches3 Pin=U1_U_Switches3-1
Added Pin To Net: NetName=12V_U_Switches3 Pin=U2_U_Switches3-1
Added Pin To Net: NetName=12V_U_Switches3 Pin=U3_U_Switches3-1
Added Pin To Net: NetName=12V_U_Switches3 Pin=U4_U_Switches3-1
Added Net: Name=12V_U_Switches3
Added Member To Class: ClassName=U_Switches1 Member=Component *_U_Switches1 (*) WA-T264-101E
Added Member To Class: ClassName=U_Switches1 Member=Component *_U_Switches1 (*) WA-T264-101E
Added Member To Class: ClassName=U_Switches1 Member=Component *_U_Switches1 (*) WA-T264-101E
Added Member To Class: ClassName=U_Switches2 Member=Component *_U_Switches2 (*) WA-T264-101E
Added Member To Class: ClassName=U_Switches2 Member=Component *_U_Switches2 (*) WA-T264-101E
Added Member To Class: ClassName=U_Switches2 Member=Component *_U_Switches2 (*) WA-T264-101E
Added Member To Class: ClassName=U_Switches3 Member=Component *_U_Switches3 (*) WA-T264-101E
Added Member To Class: ClassName=U_Switches3 Member=Component *_U_Switches3 (*) WA-T264-101E
Added Member To Class: ClassName=U_Switches3 Member=Component *_U_Switches3 (*) WA-T264-101E
